                  FECHA DESCRIPCION  ID_MEDIDOR  DATO_ENERGIA   TIPO_ENERGIA  ID_USUARIO      HORA_ACTUALIZACION ORIGEN
0   2025-01-01 12:00:00   SHOL T575         128  3.638319e+08        KWH_DEL           1 2025-01-15 11:34:42.730      R
1   2025-01-01 12:15:00   SHOL T575         128  3.638347e+08        KWH_DEL           1 2025-01-15 11:34:42.730      R
2   2025-01-01 12:30:00   SHOL T575         128  3.638375e+08        KWH_DEL           1 2025-01-15 11:34:42.730      R
3   2025-01-01 12:45:00   SHOL T575         128  3.638403e+08        KWH_DEL           1 2025-01-15 11:34:42.730      R
4   2025-01-01 13:00:00   SHOL T575         128  3.638430e+08        KWH_DEL           1 2025-01-15 11:34:42.730      R
5   2025-01-01 13:15:00   SHOL T575         128  3.638457e+08        KWH_DEL           1 2025-01-15 11:34:42.730      R
6   2025-01-01 13:30:00   SHOL T575         128  3.638484e+08        KWH_DEL           1 2025-01-15 11:34:42.730      R
7   2025-01-01 13:45:00   SHOL T575         128  3.638511e+08        KWH_DEL           1 2025-01-15 11:34:42.730      R
8   2025-01-01 14:00:00   SHOL T575         128  3.638538e+08        KWH_DEL           1 2025-01-15 11:34:42.730      R
9   2025-01-01 14:15:00   SHOL T575         128  3.638566e+08        KWH_DEL           1 2025-01-15 11:34:42.730      R
10  2025-01-01 14:30:00   SHOL T575         128  3.638593e+08        KWH_DEL           1 2025-01-15 11:34:42.730      R
11  2025-01-01 14:45:00   SHOL T575         128  3.638620e+08        KWH_DEL           1 2025-01-15 11:34:42.730      R
12  2025-01-01 15:00:00   SHOL T575         128  3.638647e+08        KWH_DEL           1 2025-01-15 11:34:42.730      R
13  2025-01-01 15:15:00   SHOL T575         128  3.638674e+08        KWH_DEL           1 2025-01-15 11:34:42.730      R
14  2025-01-01 15:30:00   SHOL T575         128  3.638701e+08        KWH_DEL           1 2025-01-15 11:34:42.730      R
15  2025-01-01 15:45:00   SHOL T575         128  3.638728e+08        KWH_DEL           1 2025-01-15 11:34:42.730      R
16  2025-01-01 16:00:00   SHOL T575         128  3.638756e+08        KWH_DEL           1 2025-01-15 11:34:42.730      R
17  2025-01-01 16:15:00   SHOL T575         128  3.638784e+08        KWH_DEL           1 2025-01-15 11:34:42.730      R
18  2025-01-01 16:30:00   SHOL T575         128  3.638811e+08        KWH_DEL           1 2025-01-15 11:34:42.730      R
19  2025-01-01 16:45:00   SHOL T575         128  3.638837e+08        KWH_DEL           1 2025-01-15 11:34:42.730      R
20  2025-01-01 17:00:00   SHOL T575         128  3.638864e+08        KWH_DEL           1 2025-01-15 11:34:42.730      R
21  2025-01-01 17:15:00   SHOL T575         128  3.638891e+08        KWH_DEL           1 2025-01-15 11:34:42.730      R
22  2025-01-01 17:30:00   SHOL T575         128  3.638918e+08        KWH_DEL           1 2025-01-15 11:34:42.730      R
23  2025-01-01 17:45:00   SHOL T575         128  3.638946e+08        KWH_DEL           1 2025-01-15 11:34:42.730      R
24  2025-01-01 18:00:00   SHOL T575         128  3.638973e+08        KWH_DEL           1 2025-01-15 11:34:42.730      R
25  2025-01-01 18:15:00   SHOL T575         128  3.639001e+08        KWH_DEL           1 2025-01-15 11:34:42.730      R
26  2025-01-01 18:30:00   SHOL T575         128  3.639028e+08        KWH_DEL           1 2025-01-15 11:34:42.730      R
27  2025-01-01 18:45:00   SHOL T575         128  3.639056e+08        KWH_DEL           1 2025-01-15 11:34:42.730      R
28  2025-01-01 19:00:00   SHOL T575         128  3.639083e+08        KWH_DEL           1 2025-01-15 11:34:42.730      R
29  2025-01-01 19:15:00   SHOL T575         128  3.639110e+08        KWH_DEL           1 2025-01-15 11:34:42.730      R
30  2025-01-01 19:30:00   SHOL T575         128  3.639137e+08        KWH_DEL           1 2025-01-15 11:34:42.730      R
31  2025-01-01 19:45:00   SHOL T575         128  3.639164e+08        KWH_DEL           1 2025-01-15 11:34:42.730      R
32  2025-01-01 20:00:00   SHOL T575         128  3.639191e+08        KWH_DEL           1 2025-01-15 11:34:42.730      R
33  2025-01-01 20:15:00   SHOL T575         128  3.639218e+08        KWH_DEL           1 2025-01-15 11:34:42.730      R
34  2025-01-01 20:30:00   SHOL T575         128  3.639245e+08        KWH_DEL           1 2025-01-15 11:34:42.730      R
35  2025-01-01 20:45:00   SHOL T575         128  3.639272e+08        KWH_DEL           1 2025-01-15 11:34:42.730      R
36  2025-01-01 21:00:00   SHOL T575         128  3.639299e+08        KWH_DEL           1 2025-01-15 11:34:42.730      R
37  2025-01-01 21:15:00   SHOL T575         128  3.639326e+08        KWH_DEL           1 2025-01-15 11:34:42.730      R
38  2025-01-01 21:30:00   SHOL T575         128  3.639354e+08        KWH_DEL           1 2025-01-15 11:34:42.730      R
39  2025-01-01 21:45:00   SHOL T575         128  3.639380e+08        KWH_DEL           1 2025-01-15 11:34:42.730      R
40  2025-01-01 22:00:00   SHOL T575         128  3.639408e+08        KWH_DEL           1 2025-01-15 11:34:42.730      R
41  2025-01-01 22:15:00   SHOL T575         128  3.639435e+08        KWH_DEL           1 2025-01-15 11:34:42.730      R
42  2025-01-01 22:30:00   SHOL T575         128  3.639462e+08        KWH_DEL           1 2025-01-15 11:34:42.730      R
43  2025-01-01 22:45:00   SHOL T575         128  3.639489e+08        KWH_DEL           1 2025-01-15 11:34:42.730      R
44  2025-01-01 23:00:00   SHOL T575         128  3.639516e+08        KWH_DEL           1 2025-01-15 11:34:42.730      R
45  2025-01-01 23:15:00   SHOL T575         128  3.639544e+08        KWH_DEL           1 2025-01-15 11:34:42.730      R
46  2025-01-01 23:30:00   SHOL T575         128  3.639571e+08        KWH_DEL           1 2025-01-15 11:34:42.730      R
47  2025-01-01 23:45:00   SHOL T575         128  3.639598e+08        KWH_DEL           1 2025-01-15 11:34:42.730      R
48  2025-01-02 00:00:00   SHOL T575         128  3.639625e+08        KWH_DEL           1 2025-01-15 11:34:42.730      R
49  2025-01-01 12:00:00   SHOL T575         128  2.446613e+05        KWH_REC           1 2025-01-15 11:34:42.730      R
50  2025-01-01 12:15:00   SHOL T575         128  2.446613e+05        KWH_REC           1 2025-01-15 11:34:42.730      R
51  2025-01-01 12:30:00   SHOL T575         128  2.446613e+05        KWH_REC           1 2025-01-15 11:34:42.730      R
52  2025-01-01 12:45:00   SHOL T575         128  2.446613e+05        KWH_REC           1 2025-01-15 11:34:42.730      R
53  2025-01-01 13:00:00   SHOL T575         128  2.446613e+05        KWH_REC           1 2025-01-15 11:34:42.730      R
54  2025-01-01 13:15:00   SHOL T575         128  2.446613e+05        KWH_REC           1 2025-01-15 11:34:42.730      R
55  2025-01-01 13:30:00   SHOL T575         128  2.446613e+05        KWH_REC           1 2025-01-15 11:34:42.730      R
56  2025-01-01 13:45:00   SHOL T575         128  2.446613e+05        KWH_REC           1 2025-01-15 11:34:42.730      R
57  2025-01-01 14:00:00   SHOL T575         128  2.446613e+05        KWH_REC           1 2025-01-15 11:34:42.730      R
58  2025-01-01 14:15:00   SHOL T575         128  2.446613e+05        KWH_REC           1 2025-01-15 11:34:42.730      R
59  2025-01-01 14:30:00   SHOL T575         128  2.446613e+05        KWH_REC           1 2025-01-15 11:34:42.730      R
60  2025-01-01 14:45:00   SHOL T575         128  2.446613e+05        KWH_REC           1 2025-01-15 11:34:42.730      R
61  2025-01-01 15:00:00   SHOL T575         128  2.446613e+05        KWH_REC           1 2025-01-15 11:34:42.730      R
62  2025-01-01 15:15:00   SHOL T575         128  2.446613e+05        KWH_REC           1 2025-01-15 11:34:42.730      R
63  2025-01-01 15:30:00   SHOL T575         128  2.446613e+05        KWH_REC           1 2025-01-15 11:34:42.730      R
64  2025-01-01 15:45:00   SHOL T575         128  2.446613e+05        KWH_REC           1 2025-01-15 11:34:42.730      R
65  2025-01-01 16:00:00   SHOL T575         128  2.446613e+05        KWH_REC           1 2025-01-15 11:34:42.730      R
66  2025-01-01 16:15:00   SHOL T575         128  2.446613e+05        KWH_REC           1 2025-01-15 11:34:42.730      R
67  2025-01-01 16:30:00   SHOL T575         128  2.446613e+05        KWH_REC           1 2025-01-15 11:34:42.730      R
68  2025-01-01 16:45:00   SHOL T575         128  2.446613e+05        KWH_REC           1 2025-01-15 11:34:42.730      R
69  2025-01-01 17:00:00   SHOL T575         128  2.446613e+05        KWH_REC           1 2025-01-15 11:34:42.730      R
70  2025-01-01 17:15:00   SHOL T575         128  2.446613e+05        KWH_REC           1 2025-01-15 11:34:42.730      R
71  2025-01-01 17:30:00   SHOL T575         128  2.446613e+05        KWH_REC           1 2025-01-15 11:34:42.730      R
72  2025-01-01 17:45:00   SHOL T575         128  2.446613e+05        KWH_REC           1 2025-01-15 11:34:42.730      R
73  2025-01-01 18:00:00   SHOL T575         128  2.446613e+05        KWH_REC           1 2025-01-15 11:34:42.730      R
74  2025-01-01 18:15:00   SHOL T575         128  2.446613e+05        KWH_REC           1 2025-01-15 11:34:42.730      R
75  2025-01-01 18:30:00   SHOL T575         128  2.446613e+05        KWH_REC           1 2025-01-15 11:34:42.730      R
76  2025-01-01 18:45:00   SHOL T575         128  2.446613e+05        KWH_REC           1 2025-01-15 11:34:42.730      R
77  2025-01-01 19:00:00   SHOL T575         128  2.446613e+05        KWH_REC           1 2025-01-15 11:34:42.730      R
78  2025-01-01 19:15:00   SHOL T575         128  2.446613e+05        KWH_REC           1 2025-01-15 11:34:42.730      R
79  2025-01-01 19:30:00   SHOL T575         128  2.446613e+05        KWH_REC           1 2025-01-15 11:34:42.730      R
80  2025-01-01 19:45:00   SHOL T575         128  2.446613e+05        KWH_REC           1 2025-01-15 11:34:42.730      R
81  2025-01-01 20:00:00   SHOL T575         128  2.446613e+05        KWH_REC           1 2025-01-15 11:34:42.730      R
82  2025-01-01 20:15:00   SHOL T575         128  2.446613e+05        KWH_REC           1 2025-01-15 11:34:42.730      R
83  2025-01-01 20:30:00   SHOL T575         128  2.446613e+05        KWH_REC           1 2025-01-15 11:34:42.730      R
84  2025-01-01 20:45:00   SHOL T575         128  2.446613e+05        KWH_REC           1 2025-01-15 11:34:42.730      R
85  2025-01-01 21:00:00   SHOL T575         128  2.446613e+05        KWH_REC           1 2025-01-15 11:34:42.730      R
86  2025-01-01 21:15:00   SHOL T575         128  2.446613e+05        KWH_REC           1 2025-01-15 11:34:42.730      R
87  2025-01-01 21:30:00   SHOL T575         128  2.446613e+05        KWH_REC           1 2025-01-15 11:34:42.730      R
88  2025-01-01 21:45:00   SHOL T575         128  2.446613e+05        KWH_REC           1 2025-01-15 11:34:42.730      R
89  2025-01-01 22:00:00   SHOL T575         128  2.446613e+05        KWH_REC           1 2025-01-15 11:34:42.730      R
90  2025-01-01 22:15:00   SHOL T575         128  2.446613e+05        KWH_REC           1 2025-01-15 11:34:42.730      R
91  2025-01-01 22:30:00   SHOL T575         128  2.446613e+05        KWH_REC           1 2025-01-15 11:34:42.730      R
92  2025-01-01 22:45:00   SHOL T575         128  2.446613e+05        KWH_REC           1 2025-01-15 11:34:42.730      R
93  2025-01-01 23:00:00   SHOL T575         128  2.446613e+05        KWH_REC           1 2025-01-15 11:34:42.730      R
94  2025-01-01 23:15:00   SHOL T575         128  2.446613e+05        KWH_REC           1 2025-01-15 11:34:42.730      R
95  2025-01-01 23:30:00   SHOL T575         128  2.446613e+05        KWH_REC           1 2025-01-15 11:34:42.730      R
96  2025-01-01 23:45:00   SHOL T575         128  2.446613e+05        KWH_REC           1 2025-01-15 11:34:42.730      R
97  2025-01-02 00:00:00   SHOL T575         128  2.446613e+05        KWH_REC           1 2025-01-15 11:34:42.730      R
98  2025-01-01 12:00:00   SHOL T575         128  3.177546e+07      KVARH_DEL           1 2025-01-15 11:34:42.730      R
99  2025-01-01 12:15:00   SHOL T575         128  3.177559e+07      KVARH_DEL           1 2025-01-15 11:34:42.730      R
100 2025-01-01 12:30:00   SHOL T575         128  3.177576e+07      KVARH_DEL           1 2025-01-15 11:34:42.730      R
101 2025-01-01 12:45:00   SHOL T575         128  3.177588e+07      KVARH_DEL           1 2025-01-15 11:34:42.730      R
102 2025-01-01 13:00:00   SHOL T575         128  3.177601e+07      KVARH_DEL           1 2025-01-15 11:34:42.730      R
103 2025-01-01 13:15:00   SHOL T575         128  3.177614e+07      KVARH_DEL           1 2025-01-15 11:34:42.730      R
104 2025-01-01 13:30:00   SHOL T575         128  3.177629e+07      KVARH_DEL           1 2025-01-15 11:34:42.730      R
105 2025-01-01 13:45:00   SHOL T575         128  3.177641e+07      KVARH_DEL           1 2025-01-15 11:34:42.730      R
106 2025-01-01 14:00:00   SHOL T575         128  3.177652e+07      KVARH_DEL           1 2025-01-15 11:34:42.730      R
107 2025-01-01 14:15:00   SHOL T575         128  3.177663e+07      KVARH_DEL           1 2025-01-15 11:34:42.730      R
108 2025-01-01 14:30:00   SHOL T575         128  3.177673e+07      KVARH_DEL           1 2025-01-15 11:34:42.730      R
109 2025-01-01 14:45:00   SHOL T575         128  3.177680e+07      KVARH_DEL           1 2025-01-15 11:34:42.730      R
110 2025-01-01 15:00:00   SHOL T575         128  3.177686e+07      KVARH_DEL           1 2025-01-15 11:34:42.730      R
111 2025-01-01 15:15:00   SHOL T575         128  3.177692e+07      KVARH_DEL           1 2025-01-15 11:34:42.730      R
112 2025-01-01 15:30:00   SHOL T575         128  3.177697e+07      KVARH_DEL           1 2025-01-15 11:34:42.730      R
113 2025-01-01 15:45:00   SHOL T575         128  3.177700e+07      KVARH_DEL           1 2025-01-15 11:34:42.730      R
114 2025-01-01 16:00:00   SHOL T575         128  3.177706e+07      KVARH_DEL           1 2025-01-15 11:34:42.730      R
115 2025-01-01 16:15:00   SHOL T575         128  3.177715e+07      KVARH_DEL           1 2025-01-15 11:34:42.730      R
116 2025-01-01 16:30:00   SHOL T575         128  3.177723e+07      KVARH_DEL           1 2025-01-15 11:34:42.730      R
117 2025-01-01 16:45:00   SHOL T575         128  3.177731e+07      KVARH_DEL           1 2025-01-15 11:34:42.730      R
118 2025-01-01 17:00:00   SHOL T575         128  3.177735e+07      KVARH_DEL           1 2025-01-15 11:34:42.730      R
119 2025-01-01 17:15:00   SHOL T575         128  3.177735e+07      KVARH_DEL           1 2025-01-15 11:34:42.730      R
120 2025-01-01 17:30:00   SHOL T575         128  3.177735e+07      KVARH_DEL           1 2025-01-15 11:34:42.730      R
121 2025-01-01 17:45:00   SHOL T575         128  3.177735e+07      KVARH_DEL           1 2025-01-15 11:34:42.730      R
122 2025-01-01 18:00:00   SHOL T575         128  3.177735e+07      KVARH_DEL           1 2025-01-15 11:34:42.730      R
123 2025-01-01 18:15:00   SHOL T575         128  3.177735e+07      KVARH_DEL           1 2025-01-15 11:34:42.730      R
124 2025-01-01 18:30:00   SHOL T575         128  3.177735e+07      KVARH_DEL           1 2025-01-15 11:34:42.730      R
125 2025-01-01 18:45:00   SHOL T575         128  3.177735e+07      KVARH_DEL           1 2025-01-15 11:34:42.730      R
126 2025-01-01 19:00:00   SHOL T575         128  3.177735e+07      KVARH_DEL           1 2025-01-15 11:34:42.730      R
127 2025-01-01 19:15:00   SHOL T575         128  3.177735e+07      KVARH_DEL           1 2025-01-15 11:34:42.730      R
128 2025-01-01 19:30:00   SHOL T575         128  3.177735e+07      KVARH_DEL           1 2025-01-15 11:34:42.730      R
129 2025-01-01 19:45:00   SHOL T575         128  3.177735e+07      KVARH_DEL           1 2025-01-15 11:34:42.730      R
130 2025-01-01 20:00:00   SHOL T575         128  3.177735e+07      KVARH_DEL           1 2025-01-15 11:34:42.730      R
131 2025-01-01 20:15:00   SHOL T575         128  3.177735e+07      KVARH_DEL           1 2025-01-15 11:34:42.730      R
132 2025-01-01 20:30:00   SHOL T575         128  3.177735e+07      KVARH_DEL           1 2025-01-15 11:34:42.730      R
133 2025-01-01 20:45:00   SHOL T575         128  3.177735e+07      KVARH_DEL           1 2025-01-15 11:34:42.730      R
134 2025-01-01 21:00:00   SHOL T575         128  3.177735e+07      KVARH_DEL           1 2025-01-15 11:34:42.730      R
135 2025-01-01 21:15:00   SHOL T575         128  3.177735e+07      KVARH_DEL           1 2025-01-15 11:34:42.730      R
136 2025-01-01 21:30:00   SHOL T575         128  3.177735e+07      KVARH_DEL           1 2025-01-15 11:34:42.730      R
137 2025-01-01 21:45:00   SHOL T575         128  3.177735e+07      KVARH_DEL           1 2025-01-15 11:34:42.730      R
138 2025-01-01 22:00:00   SHOL T575         128  3.177735e+07      KVARH_DEL           1 2025-01-15 11:34:42.730      R
139 2025-01-01 22:15:00   SHOL T575         128  3.177735e+07      KVARH_DEL           1 2025-01-15 11:34:42.730      R
140 2025-01-01 22:30:00   SHOL T575         128  3.177735e+07      KVARH_DEL           1 2025-01-15 11:34:42.730      R
141 2025-01-01 22:45:00   SHOL T575         128  3.177735e+07      KVARH_DEL           1 2025-01-15 11:34:42.730      R
142 2025-01-01 23:00:00   SHOL T575         128  3.177735e+07      KVARH_DEL           1 2025-01-15 11:34:42.730      R
143 2025-01-01 23:15:00   SHOL T575         128  3.177735e+07      KVARH_DEL           1 2025-01-15 11:34:42.730      R
144 2025-01-01 23:30:00   SHOL T575         128  3.177735e+07      KVARH_DEL           1 2025-01-15 11:34:42.730      R
145 2025-01-01 23:45:00   SHOL T575         128  3.177735e+07      KVARH_DEL           1 2025-01-15 11:34:42.730      R
146 2025-01-02 00:00:00   SHOL T575         128  3.177735e+07      KVARH_DEL           1 2025-01-15 11:34:42.730      R
147 2025-01-01 12:00:00   SHOL T575         128  1.371214e+07      KVARH_REC           1 2025-01-15 11:34:42.730      R
148 2025-01-01 12:15:00   SHOL T575         128  1.371216e+07      KVARH_REC           1 2025-01-15 11:34:42.730      R
149 2025-01-01 12:30:00   SHOL T575         128  1.371216e+07      KVARH_REC           1 2025-01-15 11:34:42.730      R
150 2025-01-01 12:45:00   SHOL T575         128  1.371216e+07      KVARH_REC           1 2025-01-15 11:34:42.730      R
151 2025-01-01 13:00:00   SHOL T575         128  1.371216e+07      KVARH_REC           1 2025-01-15 11:34:42.730      R
152 2025-01-01 13:15:00   SHOL T575         128  1.371216e+07      KVARH_REC           1 2025-01-15 11:34:42.730      R
153 2025-01-01 13:30:00   SHOL T575         128  1.371216e+07      KVARH_REC           1 2025-01-15 11:34:42.730      R
154 2025-01-01 13:45:00   SHOL T575         128  1.371216e+07      KVARH_REC           1 2025-01-15 11:34:42.730      R
155 2025-01-01 14:00:00   SHOL T575         128  1.371216e+07      KVARH_REC           1 2025-01-15 11:34:42.730      R
156 2025-01-01 14:15:00   SHOL T575         128  1.371216e+07      KVARH_REC           1 2025-01-15 11:34:42.730      R
157 2025-01-01 14:30:00   SHOL T575         128  1.371216e+07      KVARH_REC           1 2025-01-15 11:34:42.730      R
158 2025-01-01 14:45:00   SHOL T575         128  1.371216e+07      KVARH_REC           1 2025-01-15 11:34:42.730      R
159 2025-01-01 15:00:00   SHOL T575         128  1.371216e+07      KVARH_REC           1 2025-01-15 11:34:42.730      R
160 2025-01-01 15:15:00   SHOL T575         128  1.371216e+07      KVARH_REC           1 2025-01-15 11:34:42.730      R
161 2025-01-01 15:30:00   SHOL T575         128  1.371216e+07      KVARH_REC           1 2025-01-15 11:34:42.730      R
162 2025-01-01 15:45:00   SHOL T575         128  1.371216e+07      KVARH_REC           1 2025-01-15 11:34:42.730      R
163 2025-01-01 16:00:00   SHOL T575         128  1.371216e+07      KVARH_REC           1 2025-01-15 11:34:42.730      R
164 2025-01-01 16:15:00   SHOL T575         128  1.371216e+07      KVARH_REC           1 2025-01-15 11:34:42.730      R
165 2025-01-01 16:30:00   SHOL T575         128  1.371216e+07      KVARH_REC           1 2025-01-15 11:34:42.730      R
166 2025-01-01 16:45:00   SHOL T575         128  1.371216e+07      KVARH_REC           1 2025-01-15 11:34:42.730      R
167 2025-01-01 17:00:00   SHOL T575         128  1.371225e+07      KVARH_REC           1 2025-01-15 11:34:42.730      R
168 2025-01-01 17:15:00   SHOL T575         128  1.371254e+07      KVARH_REC           1 2025-01-15 11:34:42.730      R
169 2025-01-01 17:30:00   SHOL T575         128  1.371274e+07      KVARH_REC           1 2025-01-15 11:34:42.730      R
170 2025-01-01 17:45:00   SHOL T575         128  1.371288e+07      KVARH_REC           1 2025-01-15 11:34:42.730      R
171 2025-01-01 18:00:00   SHOL T575         128  1.371298e+07      KVARH_REC           1 2025-01-15 11:34:42.730      R
172 2025-01-01 18:15:00   SHOL T575         128  1.371308e+07      KVARH_REC           1 2025-01-15 11:34:42.730      R
173 2025-01-01 18:30:00   SHOL T575         128  1.371320e+07      KVARH_REC           1 2025-01-15 11:34:42.730      R
174 2025-01-01 18:45:00   SHOL T575         128  1.371334e+07      KVARH_REC           1 2025-01-15 11:34:42.730      R
175 2025-01-01 19:00:00   SHOL T575         128  1.371346e+07      KVARH_REC           1 2025-01-15 11:34:42.730      R
176 2025-01-01 19:15:00   SHOL T575         128  1.371360e+07      KVARH_REC           1 2025-01-15 11:34:42.730      R
177 2025-01-01 19:30:00   SHOL T575         128  1.371374e+07      KVARH_REC           1 2025-01-15 11:34:42.730      R
178 2025-01-01 19:45:00   SHOL T575         128  1.371386e+07      KVARH_REC           1 2025-01-15 11:34:42.730      R
179 2025-01-01 20:00:00   SHOL T575         128  1.371398e+07      KVARH_REC           1 2025-01-15 11:34:42.730      R
180 2025-01-01 20:15:00   SHOL T575         128  1.371407e+07      KVARH_REC           1 2025-01-15 11:34:42.730      R
181 2025-01-01 20:30:00   SHOL T575         128  1.371417e+07      KVARH_REC           1 2025-01-15 11:34:42.730      R
182 2025-01-01 20:45:00   SHOL T575         128  1.371427e+07      KVARH_REC           1 2025-01-15 11:34:42.730      R
183 2025-01-01 21:00:00   SHOL T575         128  1.371439e+07      KVARH_REC           1 2025-01-15 11:34:42.730      R
184 2025-01-01 21:15:00   SHOL T575         128  1.371451e+07      KVARH_REC           1 2025-01-15 11:34:42.730      R
185 2025-01-01 21:30:00   SHOL T575         128  1.371463e+07      KVARH_REC           1 2025-01-15 11:34:42.730      R
186 2025-01-01 21:45:00   SHOL T575         128  1.371476e+07      KVARH_REC           1 2025-01-15 11:34:42.730      R
187 2025-01-01 22:00:00   SHOL T575         128  1.371488e+07      KVARH_REC           1 2025-01-15 11:34:42.730      R
188 2025-01-01 22:15:00   SHOL T575         128  1.371502e+07      KVARH_REC           1 2025-01-15 11:34:42.730      R
189 2025-01-01 22:30:00   SHOL T575         128  1.371516e+07      KVARH_REC           1 2025-01-15 11:34:42.730      R
190 2025-01-01 22:45:00   SHOL T575         128  1.371530e+07      KVARH_REC           1 2025-01-15 11:34:42.730      R
191 2025-01-01 23:00:00   SHOL T575         128  1.371543e+07      KVARH_REC           1 2025-01-15 11:34:42.730      R
192 2025-01-01 23:15:00   SHOL T575         128  1.371559e+07      KVARH_REC           1 2025-01-15 11:34:42.730      R
193 2025-01-01 23:30:00   SHOL T575         128  1.371582e+07      KVARH_REC           1 2025-01-15 11:34:42.730      R
194 2025-01-01 23:45:00   SHOL T575         128  1.371606e+07      KVARH_REC           1 2025-01-15 11:34:42.730      R
195 2025-01-02 00:00:00   SHOL T575         128  1.371622e+07      KVARH_REC           1 2025-01-15 11:34:42.730      R
196 2025-01-01 12:15:00   SHOL T575         128  2.816000e+03    KWH_DEL_INT           1 2025-01-15 11:34:42.730      R
197 2025-01-01 12:30:00   SHOL T575         128  2.752000e+03    KWH_DEL_INT           1 2025-01-15 11:34:42.730      R
198 2025-01-01 12:45:00   SHOL T575         128  2.784000e+03    KWH_DEL_INT           1 2025-01-15 11:34:42.730      R
199 2025-01-01 13:00:00   SHOL T575         128  2.720000e+03    KWH_DEL_INT           1 2025-01-15 11:34:42.730      R
200 2025-01-01 13:15:00   SHOL T575         128  2.688000e+03    KWH_DEL_INT           1 2025-01-15 11:34:42.730      R
201 2025-01-01 13:30:00   SHOL T575         128  2.720000e+03    KWH_DEL_INT           1 2025-01-15 11:34:42.730      R
202 2025-01-01 13:45:00   SHOL T575         128  2.688000e+03    KWH_DEL_INT           1 2025-01-15 11:34:42.730      R
203 2025-01-01 14:00:00   SHOL T575         128  2.752000e+03    KWH_DEL_INT           1 2025-01-15 11:34:42.730      R
204 2025-01-01 14:15:00   SHOL T575         128  2.752000e+03    KWH_DEL_INT           1 2025-01-15 11:34:42.730      R
205 2025-01-01 14:30:00   SHOL T575         128  2.720000e+03    KWH_DEL_INT           1 2025-01-15 11:34:42.730      R
206 2025-01-01 14:45:00   SHOL T575         128  2.720000e+03    KWH_DEL_INT           1 2025-01-15 11:34:42.730      R
207 2025-01-01 15:00:00   SHOL T575         128  2.720000e+03    KWH_DEL_INT           1 2025-01-15 11:34:42.730      R
208 2025-01-01 15:15:00   SHOL T575         128  2.688000e+03    KWH_DEL_INT           1 2025-01-15 11:34:42.730      R
209 2025-01-01 15:30:00   SHOL T575         128  2.688000e+03    KWH_DEL_INT           1 2025-01-15 11:34:42.730      R
210 2025-01-01 15:45:00   SHOL T575         128  2.720000e+03    KWH_DEL_INT           1 2025-01-15 11:34:42.730      R
211 2025-01-01 16:00:00   SHOL T575         128  2.752000e+03    KWH_DEL_INT           1 2025-01-15 11:34:42.730      R
212 2025-01-01 16:15:00   SHOL T575         128  2.784000e+03    KWH_DEL_INT           1 2025-01-15 11:34:42.730      R
213 2025-01-01 16:30:00   SHOL T575         128  2.688000e+03    KWH_DEL_INT           1 2025-01-15 11:34:42.730      R
214 2025-01-01 16:45:00   SHOL T575         128  2.688000e+03    KWH_DEL_INT           1 2025-01-15 11:34:42.730      R
215 2025-01-01 17:00:00   SHOL T575         128  2.656000e+03    KWH_DEL_INT           1 2025-01-15 11:34:42.730      R
216 2025-01-01 17:15:00   SHOL T575         128  2.688000e+03    KWH_DEL_INT           1 2025-01-15 11:34:42.730      R
217 2025-01-01 17:30:00   SHOL T575         128  2.720000e+03    KWH_DEL_INT           1 2025-01-15 11:34:42.730      R
218 2025-01-01 17:45:00   SHOL T575         128  2.784000e+03    KWH_DEL_INT           1 2025-01-15 11:34:42.730      R
219 2025-01-01 18:00:00   SHOL T575         128  2.752000e+03    KWH_DEL_INT           1 2025-01-15 11:34:42.730      R
220 2025-01-01 18:15:00   SHOL T575         128  2.752000e+03    KWH_DEL_INT           1 2025-01-15 11:34:42.730      R
221 2025-01-01 18:30:00   SHOL T575         128  2.752000e+03    KWH_DEL_INT           1 2025-01-15 11:34:42.730      R
222 2025-01-01 18:45:00   SHOL T575         128  2.752000e+03    KWH_DEL_INT           1 2025-01-15 11:34:42.730      R
223 2025-01-01 19:00:00   SHOL T575         128  2.720000e+03    KWH_DEL_INT           1 2025-01-15 11:34:42.730      R
224 2025-01-01 19:15:00   SHOL T575         128  2.688000e+03    KWH_DEL_INT           1 2025-01-15 11:34:42.730      R
225 2025-01-01 19:30:00   SHOL T575         128  2.720000e+03    KWH_DEL_INT           1 2025-01-15 11:34:42.730      R
226 2025-01-01 19:45:00   SHOL T575         128  2.688000e+03    KWH_DEL_INT           1 2025-01-15 11:34:42.730      R
227 2025-01-01 20:00:00   SHOL T575         128  2.720000e+03    KWH_DEL_INT           1 2025-01-15 11:34:42.730      R
228 2025-01-01 20:15:00   SHOL T575         128  2.688000e+03    KWH_DEL_INT           1 2025-01-15 11:34:42.730      R
229 2025-01-01 20:30:00   SHOL T575         128  2.688000e+03    KWH_DEL_INT           1 2025-01-15 11:34:42.730      R
230 2025-01-01 20:45:00   SHOL T575         128  2.720000e+03    KWH_DEL_INT           1 2025-01-15 11:34:42.730      R
231 2025-01-01 21:00:00   SHOL T575         128  2.688000e+03    KWH_DEL_INT           1 2025-01-15 11:34:42.730      R
232 2025-01-01 21:15:00   SHOL T575         128  2.720000e+03    KWH_DEL_INT           1 2025-01-15 11:34:42.730      R
233 2025-01-01 21:30:00   SHOL T575         128  2.720000e+03    KWH_DEL_INT           1 2025-01-15 11:34:42.730      R
234 2025-01-01 21:45:00   SHOL T575         128  2.688000e+03    KWH_DEL_INT           1 2025-01-15 11:34:42.730      R
235 2025-01-01 22:00:00   SHOL T575         128  2.720000e+03    KWH_DEL_INT           1 2025-01-15 11:34:42.730      R
236 2025-01-01 22:15:00   SHOL T575         128  2.720000e+03    KWH_DEL_INT           1 2025-01-15 11:34:42.730      R
237 2025-01-01 22:30:00   SHOL T575         128  2.720000e+03    KWH_DEL_INT           1 2025-01-15 11:34:42.730      R
238 2025-01-01 22:45:00   SHOL T575         128  2.720000e+03    KWH_DEL_INT           1 2025-01-15 11:34:42.730      R
239 2025-01-01 23:00:00   SHOL T575         128  2.720000e+03    KWH_DEL_INT           1 2025-01-15 11:34:42.730      R
240 2025-01-01 23:15:00   SHOL T575         128  2.720000e+03    KWH_DEL_INT           1 2025-01-15 11:34:42.730      R
241 2025-01-01 23:30:00   SHOL T575         128  2.720000e+03    KWH_DEL_INT           1 2025-01-15 11:34:42.730      R
242 2025-01-01 23:45:00   SHOL T575         128  2.688000e+03    KWH_DEL_INT           1 2025-01-15 11:34:42.730      R
243 2025-01-02 00:00:00   SHOL T575         128  2.688000e+03    KWH_DEL_INT           1 2025-01-15 11:34:42.730      R
244 2025-01-01 12:00:00   SHOL T575         128           NaN    KWH_REC_INT           1 2025-01-15 11:34:42.730      R
245 2025-01-01 12:15:00   SHOL T575         128  0.000000e+00    KWH_REC_INT           1 2025-01-15 11:34:42.730      R
246 2025-01-01 12:30:00   SHOL T575         128  0.000000e+00    KWH_REC_INT           1 2025-01-15 11:34:42.730      R
247 2025-01-01 12:45:00   SHOL T575         128  0.000000e+00    KWH_REC_INT           1 2025-01-15 11:34:42.730      R
248 2025-01-01 13:00:00   SHOL T575         128  0.000000e+00    KWH_REC_INT           1 2025-01-15 11:34:42.730      R
249 2025-01-01 13:15:00   SHOL T575         128  0.000000e+00    KWH_REC_INT           1 2025-01-15 11:34:42.730      R
250 2025-01-01 13:30:00   SHOL T575         128  0.000000e+00    KWH_REC_INT           1 2025-01-15 11:34:42.730      R
251 2025-01-01 13:45:00   SHOL T575         128  0.000000e+00    KWH_REC_INT           1 2025-01-15 11:34:42.730      R
252 2025-01-01 14:00:00   SHOL T575         128  0.000000e+00    KWH_REC_INT           1 2025-01-15 11:34:42.730      R
253 2025-01-01 14:15:00   SHOL T575         128  0.000000e+00    KWH_REC_INT           1 2025-01-15 11:34:42.730      R
254 2025-01-01 14:30:00   SHOL T575         128  0.000000e+00    KWH_REC_INT           1 2025-01-15 11:34:42.730      R
255 2025-01-01 14:45:00   SHOL T575         128  0.000000e+00    KWH_REC_INT           1 2025-01-15 11:34:42.730      R
256 2025-01-01 15:00:00   SHOL T575         128  0.000000e+00    KWH_REC_INT           1 2025-01-15 11:34:42.730      R
257 2025-01-01 15:15:00   SHOL T575         128  0.000000e+00    KWH_REC_INT           1 2025-01-15 11:34:42.730      R
258 2025-01-01 15:30:00   SHOL T575         128  0.000000e+00    KWH_REC_INT           1 2025-01-15 11:34:42.730      R
259 2025-01-01 15:45:00   SHOL T575         128  0.000000e+00    KWH_REC_INT           1 2025-01-15 11:34:42.730      R
260 2025-01-01 16:00:00   SHOL T575         128  0.000000e+00    KWH_REC_INT           1 2025-01-15 11:34:42.730      R
261 2025-01-01 16:15:00   SHOL T575         128  0.000000e+00    KWH_REC_INT           1 2025-01-15 11:34:42.730      R
262 2025-01-01 16:30:00   SHOL T575         128  0.000000e+00    KWH_REC_INT           1 2025-01-15 11:34:42.730      R
263 2025-01-01 16:45:00   SHOL T575         128  0.000000e+00    KWH_REC_INT           1 2025-01-15 11:34:42.730      R
264 2025-01-01 17:00:00   SHOL T575         128  0.000000e+00    KWH_REC_INT           1 2025-01-15 11:34:42.730      R
265 2025-01-01 17:15:00   SHOL T575         128  0.000000e+00    KWH_REC_INT           1 2025-01-15 11:34:42.730      R
266 2025-01-01 17:30:00   SHOL T575         128  0.000000e+00    KWH_REC_INT           1 2025-01-15 11:34:42.730      R
267 2025-01-01 17:45:00   SHOL T575         128  0.000000e+00    KWH_REC_INT           1 2025-01-15 11:34:42.730      R
268 2025-01-01 18:00:00   SHOL T575         128  0.000000e+00    KWH_REC_INT           1 2025-01-15 11:34:42.730      R
269 2025-01-01 18:15:00   SHOL T575         128  0.000000e+00    KWH_REC_INT           1 2025-01-15 11:34:42.730      R
270 2025-01-01 18:30:00   SHOL T575         128  0.000000e+00    KWH_REC_INT           1 2025-01-15 11:34:42.730      R
271 2025-01-01 18:45:00   SHOL T575         128  0.000000e+00    KWH_REC_INT           1 2025-01-15 11:34:42.730      R
272 2025-01-01 19:00:00   SHOL T575         128  0.000000e+00    KWH_REC_INT           1 2025-01-15 11:34:42.730      R
273 2025-01-01 19:15:00   SHOL T575         128  0.000000e+00    KWH_REC_INT           1 2025-01-15 11:34:42.730      R
274 2025-01-01 19:30:00   SHOL T575         128  0.000000e+00    KWH_REC_INT           1 2025-01-15 11:34:42.730      R
275 2025-01-01 19:45:00   SHOL T575         128  0.000000e+00    KWH_REC_INT           1 2025-01-15 11:34:42.730      R
276 2025-01-01 20:00:00   SHOL T575         128  0.000000e+00    KWH_REC_INT           1 2025-01-15 11:34:42.730      R
277 2025-01-01 20:15:00   SHOL T575         128  0.000000e+00    KWH_REC_INT           1 2025-01-15 11:34:42.730      R
278 2025-01-01 20:30:00   SHOL T575         128  0.000000e+00    KWH_REC_INT           1 2025-01-15 11:34:42.730      R
279 2025-01-01 20:45:00   SHOL T575         128  0.000000e+00    KWH_REC_INT           1 2025-01-15 11:34:42.730      R
280 2025-01-01 21:00:00   SHOL T575         128  0.000000e+00    KWH_REC_INT           1 2025-01-15 11:34:42.730      R
281 2025-01-01 21:15:00   SHOL T575         128  0.000000e+00    KWH_REC_INT           1 2025-01-15 11:34:42.730      R
282 2025-01-01 21:30:00   SHOL T575         128  0.000000e+00    KWH_REC_INT           1 2025-01-15 11:34:42.730      R
283 2025-01-01 21:45:00   SHOL T575         128  0.000000e+00    KWH_REC_INT           1 2025-01-15 11:34:42.730      R
284 2025-01-01 22:00:00   SHOL T575         128  0.000000e+00    KWH_REC_INT           1 2025-01-15 11:34:42.730      R
285 2025-01-01 22:15:00   SHOL T575         128  0.000000e+00    KWH_REC_INT           1 2025-01-15 11:34:42.730      R
286 2025-01-01 22:30:00   SHOL T575         128  0.000000e+00    KWH_REC_INT           1 2025-01-15 11:34:42.730      R
287 2025-01-01 22:45:00   SHOL T575         128  0.000000e+00    KWH_REC_INT           1 2025-01-15 11:34:42.730      R
288 2025-01-01 23:00:00   SHOL T575         128  0.000000e+00    KWH_REC_INT           1 2025-01-15 11:34:42.730      R
289 2025-01-01 23:15:00   SHOL T575         128  0.000000e+00    KWH_REC_INT           1 2025-01-15 11:34:42.730      R
290 2025-01-01 23:30:00   SHOL T575         128  0.000000e+00    KWH_REC_INT           1 2025-01-15 11:34:42.730      R
291 2025-01-01 23:45:00   SHOL T575         128  0.000000e+00    KWH_REC_INT           1 2025-01-15 11:34:42.730      R
292 2025-01-02 00:00:00   SHOL T575         128  0.000000e+00    KWH_REC_INT           1 2025-01-15 11:34:42.730      R
293 2025-01-01 12:00:00   SHOL T575         128           NaN  KVARH_DEL_INT           1 2025-01-15 11:34:42.730      R
294 2025-01-01 12:15:00   SHOL T575         128  1.300000e+02  KVARH_DEL_INT           1 2025-01-15 11:34:42.730      R
295 2025-01-01 12:30:00   SHOL T575         128  1.700000e+02  KVARH_DEL_INT           1 2025-01-15 11:34:42.730      R
296 2025-01-01 12:45:00   SHOL T575         128  1.180000e+02  KVARH_DEL_INT           1 2025-01-15 11:34:42.730      R
297 2025-01-01 13:00:00   SHOL T575         128  1.300000e+02  KVARH_DEL_INT           1 2025-01-15 11:34:42.730      R
298 2025-01-01 13:15:00   SHOL T575         128  1.240000e+02  KVARH_DEL_INT           1 2025-01-15 11:34:42.730      R
299 2025-01-01 13:30:00   SHOL T575         128  1.500000e+02  KVARH_DEL_INT           1 2025-01-15 11:34:42.730      R
300 2025-01-01 13:45:00   SHOL T575         128  1.220000e+02  KVARH_DEL_INT           1 2025-01-15 11:34:42.730      R
301 2025-01-01 14:00:00   SHOL T575         128  1.140000e+02  KVARH_DEL_INT           1 2025-01-15 11:34:42.730      R
302 2025-01-01 14:15:00   SHOL T575         128  1.080000e+02  KVARH_DEL_INT           1 2025-01-15 11:34:42.730      R
303 2025-01-01 14:30:00   SHOL T575         128  1.000000e+02  KVARH_DEL_INT           1 2025-01-15 11:34:42.730      R
304 2025-01-01 14:45:00   SHOL T575         128  7.400000e+01  KVARH_DEL_INT           1 2025-01-15 11:34:42.730      R
305 2025-01-01 15:00:00   SHOL T575         128  5.800000e+01  KVARH_DEL_INT           1 2025-01-15 11:34:42.730      R
306 2025-01-01 15:15:00   SHOL T575         128  5.800000e+01  KVARH_DEL_INT           1 2025-01-15 11:34:42.730      R
307 2025-01-01 15:30:00   SHOL T575         128  5.200000e+01  KVARH_DEL_INT           1 2025-01-15 11:34:42.730      R
308 2025-01-01 15:45:00   SHOL T575         128  3.200000e+01  KVARH_DEL_INT           1 2025-01-15 11:34:42.730      R
309 2025-01-01 16:00:00   SHOL T575         128  5.600000e+01  KVARH_DEL_INT           1 2025-01-15 11:34:42.730      R
310 2025-01-01 16:15:00   SHOL T575         128  9.200000e+01  KVARH_DEL_INT           1 2025-01-15 11:34:42.730      R
311 2025-01-01 16:30:00   SHOL T575         128  7.400000e+01  KVARH_DEL_INT           1 2025-01-15 11:34:42.730      R
312 2025-01-01 16:45:00   SHOL T575         128  8.400000e+01  KVARH_DEL_INT           1 2025-01-15 11:34:42.730      R
313 2025-01-01 17:00:00   SHOL T575         128  4.000000e+01  KVARH_DEL_INT           1 2025-01-15 11:34:42.730      R
314 2025-01-01 17:15:00   SHOL T575         128  0.000000e+00  KVARH_DEL_INT           1 2025-01-15 11:34:42.730      R
315 2025-01-01 17:30:00   SHOL T575         128  0.000000e+00  KVARH_DEL_INT           1 2025-01-15 11:34:42.730      R
316 2025-01-01 17:45:00   SHOL T575         128  0.000000e+00  KVARH_DEL_INT           1 2025-01-15 11:34:42.730      R
317 2025-01-01 18:00:00   SHOL T575         128  0.000000e+00  KVARH_DEL_INT           1 2025-01-15 11:34:42.730      R
318 2025-01-01 18:15:00   SHOL T575         128  0.000000e+00  KVARH_DEL_INT           1 2025-01-15 11:34:42.730      R
319 2025-01-01 18:30:00   SHOL T575         128  0.000000e+00  KVARH_DEL_INT           1 2025-01-15 11:34:42.730      R
320 2025-01-01 18:45:00   SHOL T575         128  0.000000e+00  KVARH_DEL_INT           1 2025-01-15 11:34:42.730      R
321 2025-01-01 19:00:00   SHOL T575         128  0.000000e+00  KVARH_DEL_INT           1 2025-01-15 11:34:42.730      R
322 2025-01-01 19:15:00   SHOL T575         128  0.000000e+00  KVARH_DEL_INT           1 2025-01-15 11:34:42.730      R
323 2025-01-01 19:30:00   SHOL T575         128  0.000000e+00  KVARH_DEL_INT           1 2025-01-15 11:34:42.730      R
324 2025-01-01 19:45:00   SHOL T575         128  0.000000e+00  KVARH_DEL_INT           1 2025-01-15 11:34:42.730      R
325 2025-01-01 20:00:00   SHOL T575         128  0.000000e+00  KVARH_DEL_INT           1 2025-01-15 11:34:42.730      R
326 2025-01-01 20:15:00   SHOL T575         128  0.000000e+00  KVARH_DEL_INT           1 2025-01-15 11:34:42.730      R
327 2025-01-01 20:30:00   SHOL T575         128  0.000000e+00  KVARH_DEL_INT           1 2025-01-15 11:34:42.730      R
328 2025-01-01 20:45:00   SHOL T575         128  0.000000e+00  KVARH_DEL_INT           1 2025-01-15 11:34:42.730      R
329 2025-01-01 21:00:00   SHOL T575         128  0.000000e+00  KVARH_DEL_INT           1 2025-01-15 11:34:42.730      R
330 2025-01-01 21:15:00   SHOL T575         128  0.000000e+00  KVARH_DEL_INT           1 2025-01-15 11:34:42.730      R
331 2025-01-01 21:30:00   SHOL T575         128  0.000000e+00  KVARH_DEL_INT           1 2025-01-15 11:34:42.730      R
332 2025-01-01 21:45:00   SHOL T575         128  0.000000e+00  KVARH_DEL_INT           1 2025-01-15 11:34:42.730      R
333 2025-01-01 22:00:00   SHOL T575         128  0.000000e+00  KVARH_DEL_INT           1 2025-01-15 11:34:42.730      R
334 2025-01-01 22:15:00   SHOL T575         128  0.000000e+00  KVARH_DEL_INT           1 2025-01-15 11:34:42.730      R
335 2025-01-01 22:30:00   SHOL T575         128  0.000000e+00  KVARH_DEL_INT           1 2025-01-15 11:34:42.730      R
336 2025-01-01 22:45:00   SHOL T575         128  0.000000e+00  KVARH_DEL_INT           1 2025-01-15 11:34:42.730      R
337 2025-01-01 23:00:00   SHOL T575         128  0.000000e+00  KVARH_DEL_INT           1 2025-01-15 11:34:42.730      R
338 2025-01-01 23:15:00   SHOL T575         128  0.000000e+00  KVARH_DEL_INT           1 2025-01-15 11:34:42.730      R
339 2025-01-01 23:30:00   SHOL T575         128  0.000000e+00  KVARH_DEL_INT           1 2025-01-15 11:34:42.730      R
340 2025-01-01 23:45:00   SHOL T575         128  0.000000e+00  KVARH_DEL_INT           1 2025-01-15 11:34:42.730      R
341 2025-01-02 00:00:00   SHOL T575         128  0.000000e+00  KVARH_DEL_INT           1 2025-01-15 11:34:42.730      R
342 2025-01-01 12:00:00   SHOL T575         128           NaN  KVARH_REC_INT           1 2025-01-15 11:34:42.730      R
343 2025-01-01 12:15:00   SHOL T575         128  2.400000e+01  KVARH_REC_INT           1 2025-01-15 11:34:42.730      R
344 2025-01-01 12:30:00   SHOL T575         128  0.000000e+00  KVARH_REC_INT           1 2025-01-15 11:34:42.730      R
345 2025-01-01 12:45:00   SHOL T575         128  0.000000e+00  KVARH_REC_INT           1 2025-01-15 11:34:42.730      R
346 2025-01-01 13:00:00   SHOL T575         128  0.000000e+00  KVARH_REC_INT           1 2025-01-15 11:34:42.730      R
347 2025-01-01 13:15:00   SHOL T575         128  0.000000e+00  KVARH_REC_INT           1 2025-01-15 11:34:42.730      R
348 2025-01-01 13:30:00   SHOL T575         128  0.000000e+00  KVARH_REC_INT           1 2025-01-15 11:34:42.730      R
349 2025-01-01 13:45:00   SHOL T575         128  0.000000e+00  KVARH_REC_INT           1 2025-01-15 11:34:42.730      R
350 2025-01-01 14:00:00   SHOL T575         128  0.000000e+00  KVARH_REC_INT           1 2025-01-15 11:34:42.730      R
351 2025-01-01 14:15:00   SHOL T575         128  0.000000e+00  KVARH_REC_INT           1 2025-01-15 11:34:42.730      R
352 2025-01-01 14:30:00   SHOL T575         128  0.000000e+00  KVARH_REC_INT           1 2025-01-15 11:34:42.730      R
353 2025-01-01 14:45:00   SHOL T575         128  0.000000e+00  KVARH_REC_INT           1 2025-01-15 11:34:42.730      R
354 2025-01-01 15:00:00   SHOL T575         128  0.000000e+00  KVARH_REC_INT           1 2025-01-15 11:34:42.730      R
355 2025-01-01 15:15:00   SHOL T575         128  0.000000e+00  KVARH_REC_INT           1 2025-01-15 11:34:42.730      R
356 2025-01-01 15:30:00   SHOL T575         128  0.000000e+00  KVARH_REC_INT           1 2025-01-15 11:34:42.730      R
357 2025-01-01 15:45:00   SHOL T575         128  0.000000e+00  KVARH_REC_INT           1 2025-01-15 11:34:42.730      R
358 2025-01-01 16:00:00   SHOL T575         128  0.000000e+00  KVARH_REC_INT           1 2025-01-15 11:34:42.730      R
359 2025-01-01 16:15:00   SHOL T575         128  0.000000e+00  KVARH_REC_INT           1 2025-01-15 11:34:42.730      R
360 2025-01-01 16:30:00   SHOL T575         128  0.000000e+00  KVARH_REC_INT           1 2025-01-15 11:34:42.730      R
361 2025-01-01 16:45:00   SHOL T575         128  0.000000e+00  KVARH_REC_INT           1 2025-01-15 11:34:42.730      R
362 2025-01-01 17:00:00   SHOL T575         128  8.600000e+01  KVARH_REC_INT           1 2025-01-15 11:34:42.730      R
363 2025-01-01 17:15:00   SHOL T575         128  2.850000e+02  KVARH_REC_INT           1 2025-01-15 11:34:42.730      R
364 2025-01-01 17:30:00   SHOL T575         128  2.080000e+02  KVARH_REC_INT           1 2025-01-15 11:34:42.730      R
365 2025-01-01 17:45:00   SHOL T575         128  1.370000e+02  KVARH_REC_INT           1 2025-01-15 11:34:42.730      R
366 2025-01-01 18:00:00   SHOL T575         128  1.020000e+02  KVARH_REC_INT           1 2025-01-15 11:34:42.730      R
367 2025-01-01 18:15:00   SHOL T575         128  9.700000e+01  KVARH_REC_INT           1 2025-01-15 11:34:42.730      R
368 2025-01-01 18:30:00   SHOL T575         128  1.180000e+02  KVARH_REC_INT           1 2025-01-15 11:34:42.730      R
369 2025-01-01 18:45:00   SHOL T575         128  1.380000e+02  KVARH_REC_INT           1 2025-01-15 11:34:42.730      R
370 2025-01-01 19:00:00   SHOL T575         128  1.270000e+02  KVARH_REC_INT           1 2025-01-15 11:34:42.730      R
371 2025-01-01 19:15:00   SHOL T575         128  1.380000e+02  KVARH_REC_INT           1 2025-01-15 11:34:42.730      R
372 2025-01-01 19:30:00   SHOL T575         128  1.390000e+02  KVARH_REC_INT           1 2025-01-15 11:34:42.730      R
373 2025-01-01 19:45:00   SHOL T575         128  1.260000e+02  KVARH_REC_INT           1 2025-01-15 11:34:42.730      R
374 2025-01-01 20:00:00   SHOL T575         128  1.130000e+02  KVARH_REC_INT           1 2025-01-15 11:34:42.730      R
375 2025-01-01 20:15:00   SHOL T575         128  9.200000e+01  KVARH_REC_INT           1 2025-01-15 11:34:42.730      R
376 2025-01-01 20:30:00   SHOL T575         128  9.700000e+01  KVARH_REC_INT           1 2025-01-15 11:34:42.730      R
377 2025-01-01 20:45:00   SHOL T575         128  1.050000e+02  KVARH_REC_INT           1 2025-01-15 11:34:42.730      R
378 2025-01-01 21:00:00   SHOL T575         128  1.140000e+02  KVARH_REC_INT           1 2025-01-15 11:34:42.730      R
379 2025-01-01 21:15:00   SHOL T575         128  1.230000e+02  KVARH_REC_INT           1 2025-01-15 11:34:42.730      R
380 2025-01-01 21:30:00   SHOL T575         128  1.230000e+02  KVARH_REC_INT           1 2025-01-15 11:34:42.730      R
381 2025-01-01 21:45:00   SHOL T575         128  1.280000e+02  KVARH_REC_INT           1 2025-01-15 11:34:42.730      R
382 2025-01-01 22:00:00   SHOL T575         128  1.220000e+02  KVARH_REC_INT           1 2025-01-15 11:34:42.730      R
383 2025-01-01 22:15:00   SHOL T575         128  1.340000e+02  KVARH_REC_INT           1 2025-01-15 11:34:42.730      R
384 2025-01-01 22:30:00   SHOL T575         128  1.430000e+02  KVARH_REC_INT           1 2025-01-15 11:34:42.730      R
385 2025-01-01 22:45:00   SHOL T575         128  1.360000e+02  KVARH_REC_INT           1 2025-01-15 11:34:42.730      R
386 2025-01-01 23:00:00   SHOL T575         128  1.390000e+02  KVARH_REC_INT           1 2025-01-15 11:34:42.730      R
387 2025-01-01 23:15:00   SHOL T575         128  1.540000e+02  KVARH_REC_INT           1 2025-01-15 11:34:42.730      R
388 2025-01-01 23:30:00   SHOL T575         128  2.280000e+02  KVARH_REC_INT           1 2025-01-15 11:34:42.730      R
389 2025-01-01 23:45:00   SHOL T575         128  2.420000e+02  KVARH_REC_INT           1 2025-01-15 11:34:42.730      R
390 2025-01-02 00:00:00   SHOL T575         128  1.620000e+02  KVARH_REC_INT           1 2025-01-15 11:34:42.730      R